2018-11-22 00:16:33.396  INFO 321 --- [restartedMain] c.citibanamex.bne.ApiDomainApplication   : No active profile set, falling back to default profiles: default
2018-11-22 00:16:33.422  INFO 321 --- [restartedMain] ationConfigEmbeddedWebApplicationContext : Refreshing org.springframework.boot.context.embedded.AnnotationConfigEmbeddedWebApplicationContext@57349055: startup date [Thu Nov 22 00:16:33 CST 2018]; parent: org.springframework.context.annotation.AnnotationConfigApplicationContext@15b381fe
2018-11-22 00:16:34.585  INFO 321 --- [restartedMain] o.s.cloud.context.scope.GenericScope     : BeanFactory id=893391a6-a5b1-32de-8fe1-22d817756cf9
2018-11-22 00:16:34.594  INFO 321 --- [restartedMain] f.a.AutowiredAnnotationBeanPostProcessor : JSR-330 'javax.inject.Inject' annotation found and supported for autowiring
2018-11-22 00:16:34.635  INFO 321 --- [restartedMain] trationDelegate$BeanPostProcessorChecker : Bean 'org.springframework.cloud.netflix.metrics.MetricsInterceptorConfiguration$MetricsRestTemplateConfiguration' of type [org.springframework.cloud.netflix.metrics.MetricsInterceptorConfiguration$MetricsRestTemplateConfiguration$$EnhancerBySpringCGLIB$$6785ee3f] is not eligible for getting processed by all BeanPostProcessors (for example: not eligible for auto-proxying)
2018-11-22 00:16:34.641  INFO 321 --- [restartedMain] trationDelegate$BeanPostProcessorChecker : Bean 'org.springframework.cloud.autoconfigure.ConfigurationPropertiesRebinderAutoConfiguration' of type [org.springframework.cloud.autoconfigure.ConfigurationPropertiesRebinderAutoConfiguration$$EnhancerBySpringCGLIB$$51734afb] is not eligible for getting processed by all BeanPostProcessors (for example: not eligible for auto-proxying)
2018-11-22 00:16:34.947  INFO 321 --- [restartedMain] s.b.c.e.t.TomcatEmbeddedServletContainer : Tomcat initialized with port(s): 7777 (http)
2018-11-22 00:16:34.955  INFO 321 --- [restartedMain] o.apache.catalina.core.StandardService   : Starting service [Tomcat]
2018-11-22 00:16:34.956  INFO 321 --- [restartedMain] org.apache.catalina.core.StandardEngine  : Starting Servlet Engine: Apache Tomcat/8.5.16
2018-11-22 00:16:35.026  INFO 321 --- [localhost-startStop-1] o.a.c.c.C.[Tomcat].[localhost].[/]       : Initializing Spring embedded WebApplicationContext
2018-11-22 00:16:35.027  INFO 321 --- [localhost-startStop-1] o.s.web.context.ContextLoader            : Root WebApplicationContext: initialization completed in 1605 ms
2018-11-22 00:16:35.173  INFO 321 --- [localhost-startStop-1] o.s.b.w.servlet.ServletRegistrationBean  : Mapping servlet: 'dispatcherServlet' to [/]
2018-11-22 00:16:35.176  INFO 321 --- [localhost-startStop-1] o.s.b.w.servlet.FilterRegistrationBean   : Mapping filter: 'metricsFilter' to: [/*]
2018-11-22 00:16:35.176  INFO 321 --- [localhost-startStop-1] o.s.b.w.servlet.FilterRegistrationBean   : Mapping filter: 'characterEncodingFilter' to: [/*]
2018-11-22 00:16:35.176  INFO 321 --- [localhost-startStop-1] o.s.b.w.servlet.FilterRegistrationBean   : Mapping filter: 'hiddenHttpMethodFilter' to: [/*]
2018-11-22 00:16:35.176  INFO 321 --- [localhost-startStop-1] o.s.b.w.servlet.FilterRegistrationBean   : Mapping filter: 'httpPutFormContentFilter' to: [/*]
2018-11-22 00:16:35.176  INFO 321 --- [localhost-startStop-1] o.s.b.w.servlet.FilterRegistrationBean   : Mapping filter: 'requestContextFilter' to: [/*]
2018-11-22 00:16:35.176  INFO 321 --- [localhost-startStop-1] o.s.b.w.servlet.FilterRegistrationBean   : Mapping filter: 'webRequestLoggingFilter' to: [/*]
2018-11-22 00:16:35.176  INFO 321 --- [localhost-startStop-1] o.s.b.w.servlet.FilterRegistrationBean   : Mapping filter: 'applicationContextIdFilter' to: [/*]
2018-11-22 00:16:35.221  INFO 321 --- [restartedMain] s.c.a.AnnotationConfigApplicationContext : Refreshing org.springframework.context.annotation.AnnotationConfigApplicationContext@4ea6150d: startup date [Thu Nov 22 00:16:35 CST 2018]; parent: org.springframework.boot.context.embedded.AnnotationConfigEmbeddedWebApplicationContext@57349055
2018-11-22 00:16:35.238  INFO 321 --- [restartedMain] f.a.AutowiredAnnotationBeanPostProcessor : JSR-330 'javax.inject.Inject' annotation found and supported for autowiring
2018-11-22 00:16:35.453  INFO 321 --- [restartedMain] s.c.a.AnnotationConfigApplicationContext : Refreshing org.springframework.context.annotation.AnnotationConfigApplicationContext@638027d6: startup date [Thu Nov 22 00:16:35 CST 2018]; parent: org.springframework.boot.context.embedded.AnnotationConfigEmbeddedWebApplicationContext@57349055
2018-11-22 00:16:35.462  INFO 321 --- [restartedMain] f.a.AutowiredAnnotationBeanPostProcessor : JSR-330 'javax.inject.Inject' annotation found and supported for autowiring
2018-11-22 00:16:35.776  WARN 321 --- [restartedMain] c.n.c.sources.URLConfigurationSource     : No URLs will be polled as dynamic configuration sources.
2018-11-22 00:16:35.776  INFO 321 --- [restartedMain] c.n.c.sources.URLConfigurationSource     : To enable URLs as dynamic configuration sources, define System property archaius.configurationSource.additionalUrls or make config.properties available on classpath.
2018-11-22 00:16:35.782  WARN 321 --- [restartedMain] c.n.c.sources.URLConfigurationSource     : No URLs will be polled as dynamic configuration sources.
2018-11-22 00:16:35.782  INFO 321 --- [restartedMain] c.n.c.sources.URLConfigurationSource     : To enable URLs as dynamic configuration sources, define System property archaius.configurationSource.additionalUrls or make config.properties available on classpath.
2018-11-22 00:16:35.900  INFO 321 --- [restartedMain] s.w.s.m.m.a.RequestMappingHandlerAdapter : Looking for @ControllerAdvice: org.springframework.boot.context.embedded.AnnotationConfigEmbeddedWebApplicationContext@57349055: startup date [Thu Nov 22 00:16:33 CST 2018]; parent: org.springframework.context.annotation.AnnotationConfigApplicationContext@15b381fe
2018-11-22 00:16:35.996  INFO 321 --- [restartedMain] s.w.s.m.m.a.RequestMappingHandlerMapping : Mapped "{[/v1/generic/endpoint1]}" onto public org.springframework.http.ResponseEntity<com.citibanamex.bne.jdbcclient.model.SqlStatementResponse> com.citibanamex.bne.api.Controller.directQuery(com.citibanamex.bne.jdbcclient.model.SqlStatementRequest)
2018-11-22 00:16:35.997  INFO 321 --- [restartedMain] s.w.s.m.m.a.RequestMappingHandlerMapping : Mapped "{[/v1/generic/endpoint2],methods=[POST]}" onto public org.springframework.http.ResponseEntity<java.util.Map<java.lang.String, java.lang.Object>> com.citibanamex.bne.api.Controller.directQuery()
2018-11-22 00:16:35.997  INFO 321 --- [restartedMain] s.w.s.m.m.a.RequestMappingHandlerMapping : Mapped "{[/v1/test/angel]}" onto public org.springframework.http.ResponseEntity<java.lang.Object> com.citibanamex.bne.api.Controller.test()
2018-11-22 00:16:36.000  INFO 321 --- [restartedMain] s.w.s.m.m.a.RequestMappingHandlerMapping : Mapped "{[/error],produces=[text/html]}" onto public org.springframework.web.servlet.ModelAndView org.springframework.boot.autoconfigure.web.BasicErrorController.errorHtml(javax.servlet.http.HttpServletRequest,javax.servlet.http.HttpServletResponse)
2018-11-22 00:16:36.000  INFO 321 --- [restartedMain] s.w.s.m.m.a.RequestMappingHandlerMapping : Mapped "{[/error]}" onto public org.springframework.http.ResponseEntity<java.util.Map<java.lang.String, java.lang.Object>> org.springframework.boot.autoconfigure.web.BasicErrorController.error(javax.servlet.http.HttpServletRequest)
2018-11-22 00:16:36.031  INFO 321 --- [restartedMain] o.s.w.s.handler.SimpleUrlHandlerMapping  : Mapped URL path [/webjars/**] onto handler of type [class org.springframework.web.servlet.resource.ResourceHttpRequestHandler]
2018-11-22 00:16:36.032  INFO 321 --- [restartedMain] o.s.w.s.handler.SimpleUrlHandlerMapping  : Mapped URL path [/**] onto handler of type [class org.springframework.web.servlet.resource.ResourceHttpRequestHandler]
2018-11-22 00:16:36.071  INFO 321 --- [restartedMain] o.s.w.s.handler.SimpleUrlHandlerMapping  : Mapped URL path [/**/favicon.ico] onto handler of type [class org.springframework.web.servlet.resource.ResourceHttpRequestHandler]
2018-11-22 00:16:36.560  INFO 321 --- [restartedMain] o.s.b.a.e.mvc.EndpointHandlerMapping     : Mapped "{[/health || /health.json],methods=[GET],produces=[application/vnd.spring-boot.actuator.v1+json || application/json]}" onto public java.lang.Object org.springframework.boot.actuate.endpoint.mvc.HealthMvcEndpoint.invoke(javax.servlet.http.HttpServletRequest,java.security.Principal)
2018-11-22 00:16:36.562  INFO 321 --- [restartedMain] o.s.b.a.e.mvc.EndpointHandlerMapping     : Mapped "{[/autoconfig || /autoconfig.json],methods=[GET],produces=[application/vnd.spring-boot.actuator.v1+json || application/json]}" onto public java.lang.Object org.springframework.boot.actuate.endpoint.mvc.EndpointMvcAdapter.invoke()
2018-11-22 00:16:36.563  INFO 321 --- [restartedMain] o.s.b.a.e.mvc.EndpointHandlerMapping     : Mapped "{[/logfile || /logfile.json],methods=[GET || HEAD]}" onto public void org.springframework.boot.actuate.endpoint.mvc.LogFileMvcEndpoint.invoke(javax.servlet.http.HttpServletRequest,javax.servlet.http.HttpServletResponse) throws javax.servlet.ServletException,java.io.IOException
2018-11-22 00:16:36.564  INFO 321 --- [restartedMain] o.s.b.a.e.mvc.EndpointHandlerMapping     : Mapped "{[/mappings || /mappings.json],methods=[GET],produces=[application/vnd.spring-boot.actuator.v1+json || application/json]}" onto public java.lang.Object org.springframework.boot.actuate.endpoint.mvc.EndpointMvcAdapter.invoke()
2018-11-22 00:16:36.564  INFO 321 --- [restartedMain] o.s.b.a.e.mvc.EndpointHandlerMapping     : Mapped "{[/pause || /pause.json],methods=[POST]}" onto public java.lang.Object org.springframework.cloud.endpoint.GenericPostableMvcEndpoint.invoke()
2018-11-22 00:16:36.565  INFO 321 --- [restartedMain] o.s.b.a.e.mvc.EndpointHandlerMapping     : Mapped "{[/service-registry/instance-status],methods=[GET]}" onto public org.springframework.http.ResponseEntity org.springframework.cloud.client.serviceregistry.endpoint.ServiceRegistryEndpoint.getStatus()
2018-11-22 00:16:36.565  INFO 321 --- [restartedMain] o.s.b.a.e.mvc.EndpointHandlerMapping     : Mapped "{[/service-registry/instance-status],methods=[POST]}" onto public org.springframework.http.ResponseEntity<?> org.springframework.cloud.client.serviceregistry.endpoint.ServiceRegistryEndpoint.setStatus(java.lang.String)
2018-11-22 00:16:36.566  INFO 321 --- [restartedMain] o.s.b.a.e.mvc.EndpointHandlerMapping     : Mapped "{[/archaius || /archaius.json],methods=[GET],produces=[application/vnd.spring-boot.actuator.v1+json || application/json]}" onto public java.lang.Object org.springframework.boot.actuate.endpoint.mvc.EndpointMvcAdapter.invoke()
2018-11-22 00:16:36.569  INFO 321 --- [restartedMain] o.s.b.a.e.mvc.EndpointHandlerMapping     : Mapped "{[/loggers/{name:.*}],methods=[GET],produces=[application/vnd.spring-boot.actuator.v1+json || application/json]}" onto public java.lang.Object org.springframework.boot.actuate.endpoint.mvc.LoggersMvcEndpoint.get(java.lang.String)
2018-11-22 00:16:36.569  INFO 321 --- [restartedMain] o.s.b.a.e.mvc.EndpointHandlerMapping     : Mapped "{[/loggers/{name:.*}],methods=[POST],consumes=[application/vnd.spring-boot.actuator.v1+json || application/json],produces=[application/vnd.spring-boot.actuator.v1+json || application/json]}" onto public java.lang.Object org.springframework.boot.actuate.endpoint.mvc.LoggersMvcEndpoint.set(java.lang.String,java.util.Map<java.lang.String, java.lang.String>)
2018-11-22 00:16:36.570  INFO 321 --- [restartedMain] o.s.b.a.e.mvc.EndpointHandlerMapping     : Mapped "{[/loggers || /loggers.json],methods=[GET],produces=[application/vnd.spring-boot.actuator.v1+json || application/json]}" onto public java.lang.Object org.springframework.boot.actuate.endpoint.mvc.EndpointMvcAdapter.invoke()
2018-11-22 00:16:36.571  INFO 321 --- [restartedMain] o.s.b.a.e.mvc.EndpointHandlerMapping     : Mapped "{[/restart || /restart.json],methods=[POST]}" onto public java.lang.Object org.springframework.cloud.context.restart.RestartMvcEndpoint.invoke()
2018-11-22 00:16:36.572  INFO 321 --- [restartedMain] o.s.b.a.e.mvc.EndpointHandlerMapping     : Mapped "{[/env],methods=[POST]}" onto public java.lang.Object org.springframework.cloud.context.environment.EnvironmentManagerMvcEndpoint.value(java.util.Map<java.lang.String, java.lang.String>)
2018-11-22 00:16:36.573  INFO 321 --- [restartedMain] o.s.b.a.e.mvc.EndpointHandlerMapping     : Mapped "{[/env/reset],methods=[POST]}" onto public java.util.Map<java.lang.String, java.lang.Object> org.springframework.cloud.context.environment.EnvironmentManagerMvcEndpoint.reset()
2018-11-22 00:16:36.574  INFO 321 --- [restartedMain] o.s.b.a.e.mvc.EndpointHandlerMapping     : Mapped "{[/metrics/{name:.*}],methods=[GET],produces=[application/vnd.spring-boot.actuator.v1+json || application/json]}" onto public java.lang.Object org.springframework.boot.actuate.endpoint.mvc.MetricsMvcEndpoint.value(java.lang.String)
2018-11-22 00:16:36.574  INFO 321 --- [restartedMain] o.s.b.a.e.mvc.EndpointHandlerMapping     : Mapped "{[/metrics || /metrics.json],methods=[GET],produces=[application/vnd.spring-boot.actuator.v1+json || application/json]}" onto public java.lang.Object org.springframework.boot.actuate.endpoint.mvc.EndpointMvcAdapter.invoke()
2018-11-22 00:16:36.575  INFO 321 --- [restartedMain] o.s.b.a.e.mvc.EndpointHandlerMapping     : Mapped "{[/refresh || /refresh.json],methods=[POST]}" onto public java.lang.Object org.springframework.cloud.endpoint.GenericPostableMvcEndpoint.invoke()
2018-11-22 00:16:36.575  INFO 321 --- [restartedMain] o.s.b.a.e.mvc.EndpointHandlerMapping     : Mapped "{[/trace || /trace.json],methods=[GET],produces=[application/vnd.spring-boot.actuator.v1+json || application/json]}" onto public java.lang.Object org.springframework.boot.actuate.endpoint.mvc.EndpointMvcAdapter.invoke()
2018-11-22 00:16:36.576  INFO 321 --- [restartedMain] o.s.b.a.e.mvc.EndpointHandlerMapping     : Mapped "{[/auditevents || /auditevents.json],methods=[GET],produces=[application/vnd.spring-boot.actuator.v1+json || application/json]}" onto public org.springframework.http.ResponseEntity<?> org.springframework.boot.actuate.endpoint.mvc.AuditEventsMvcEndpoint.findByPrincipalAndAfterAndType(java.lang.String,java.util.Date,java.lang.String)
2018-11-22 00:16:36.577  INFO 321 --- [restartedMain] o.s.b.a.e.mvc.EndpointHandlerMapping     : Mapped "{[/beans || /beans.json],methods=[GET],produces=[application/vnd.spring-boot.actuator.v1+json || application/json]}" onto public java.lang.Object org.springframework.boot.actuate.endpoint.mvc.EndpointMvcAdapter.invoke()
2018-11-22 00:16:36.577  INFO 321 --- [restartedMain] o.s.b.a.e.mvc.EndpointHandlerMapping     : Mapped "{[/features || /features.json],methods=[GET],produces=[application/vnd.spring-boot.actuator.v1+json || application/json]}" onto public java.lang.Object org.springframework.boot.actuate.endpoint.mvc.EndpointMvcAdapter.invoke()
2018-11-22 00:16:36.578  INFO 321 --- [restartedMain] o.s.b.a.e.mvc.EndpointHandlerMapping     : Mapped "{[/info || /info.json],methods=[GET],produces=[application/vnd.spring-boot.actuator.v1+json || application/json]}" onto public java.lang.Object org.springframework.boot.actuate.endpoint.mvc.EndpointMvcAdapter.invoke()
2018-11-22 00:16:36.579  INFO 321 --- [restartedMain] o.s.b.a.e.mvc.EndpointHandlerMapping     : Mapped "{[/env/{name:.*}],methods=[GET],produces=[application/vnd.spring-boot.actuator.v1+json || application/json]}" onto public java.lang.Object org.springframework.boot.actuate.endpoint.mvc.EnvironmentMvcEndpoint.value(java.lang.String)
2018-11-22 00:16:36.579  INFO 321 --- [restartedMain] o.s.b.a.e.mvc.EndpointHandlerMapping     : Mapped "{[/env || /env.json],methods=[GET],produces=[application/vnd.spring-boot.actuator.v1+json || application/json]}" onto public java.lang.Object org.springframework.boot.actuate.endpoint.mvc.EndpointMvcAdapter.invoke()
2018-11-22 00:16:36.579  INFO 321 --- [restartedMain] o.s.b.a.e.mvc.EndpointHandlerMapping     : Mapped "{[/configprops || /configprops.json],methods=[GET],produces=[application/vnd.spring-boot.actuator.v1+json || application/json]}" onto public java.lang.Object org.springframework.boot.actuate.endpoint.mvc.EndpointMvcAdapter.invoke()
2018-11-22 00:16:36.580  INFO 321 --- [restartedMain] o.s.b.a.e.mvc.EndpointHandlerMapping     : Mapped "{[/dump || /dump.json],methods=[GET],produces=[application/vnd.spring-boot.actuator.v1+json || application/json]}" onto public java.lang.Object org.springframework.boot.actuate.endpoint.mvc.EndpointMvcAdapter.invoke()
2018-11-22 00:16:36.580  INFO 321 --- [restartedMain] o.s.b.a.e.mvc.EndpointHandlerMapping     : Mapped "{[/resume || /resume.json],methods=[POST]}" onto public java.lang.Object org.springframework.cloud.endpoint.GenericPostableMvcEndpoint.invoke()
2018-11-22 00:16:36.581  INFO 321 --- [restartedMain] o.s.b.a.e.mvc.EndpointHandlerMapping     : Mapped "{[/heapdump || /heapdump.json],methods=[GET],produces=[application/octet-stream]}" onto public void org.springframework.boot.actuate.endpoint.mvc.HeapdumpMvcEndpoint.invoke(boolean,javax.servlet.http.HttpServletRequest,javax.servlet.http.HttpServletResponse) throws java.io.IOException,javax.servlet.ServletException
2018-11-22 00:16:36.673  INFO 321 --- [restartedMain] o.s.b.d.a.OptionalLiveReloadServer       : LiveReload server is running on port 35729
2018-11-22 00:16:36.783  INFO 321 --- [restartedMain] o.s.j.e.a.AnnotationMBeanExporter        : Registering beans for JMX exposure on startup
2018-11-22 00:16:36.789  INFO 321 --- [restartedMain] o.s.j.e.a.AnnotationMBeanExporter        : Bean with name 'environmentManager' has been autodetected for JMX exposure
2018-11-22 00:16:36.791  INFO 321 --- [restartedMain] o.s.j.e.a.AnnotationMBeanExporter        : Bean with name 'configurationPropertiesRebinder' has been autodetected for JMX exposure
2018-11-22 00:16:36.791  INFO 321 --- [restartedMain] o.s.j.e.a.AnnotationMBeanExporter        : Bean with name 'refreshEndpoint' has been autodetected for JMX exposure
2018-11-22 00:16:36.792  INFO 321 --- [restartedMain] o.s.j.e.a.AnnotationMBeanExporter        : Bean with name 'restartEndpoint' has been autodetected for JMX exposure
2018-11-22 00:16:36.793  INFO 321 --- [restartedMain] o.s.j.e.a.AnnotationMBeanExporter        : Bean with name 'serviceRegistryEndpoint' has been autodetected for JMX exposure
2018-11-22 00:16:36.793  INFO 321 --- [restartedMain] o.s.j.e.a.AnnotationMBeanExporter        : Bean with name 'refreshScope' has been autodetected for JMX exposure
2018-11-22 00:16:36.795  INFO 321 --- [restartedMain] o.s.j.e.a.AnnotationMBeanExporter        : Located managed bean 'environmentManager': registering with JMX server as MBean [org.springframework.cloud.context.environment:name=environmentManager,type=EnvironmentManager]
2018-11-22 00:16:36.804  INFO 321 --- [restartedMain] o.s.j.e.a.AnnotationMBeanExporter        : Located managed bean 'restartEndpoint': registering with JMX server as MBean [org.springframework.cloud.context.restart:name=restartEndpoint,type=RestartEndpoint]
2018-11-22 00:16:36.812  INFO 321 --- [restartedMain] o.s.j.e.a.AnnotationMBeanExporter        : Located managed bean 'serviceRegistryEndpoint': registering with JMX server as MBean [org.springframework.cloud.client.serviceregistry.endpoint:name=serviceRegistryEndpoint,type=ServiceRegistryEndpoint]
2018-11-22 00:16:36.817  INFO 321 --- [restartedMain] o.s.j.e.a.AnnotationMBeanExporter        : Located managed bean 'refreshScope': registering with JMX server as MBean [org.springframework.cloud.context.scope.refresh:name=refreshScope,type=RefreshScope]
2018-11-22 00:16:36.825  INFO 321 --- [restartedMain] o.s.j.e.a.AnnotationMBeanExporter        : Located managed bean 'configurationPropertiesRebinder': registering with JMX server as MBean [org.springframework.cloud.context.properties:name=configurationPropertiesRebinder,context=57349055,type=ConfigurationPropertiesRebinder]
2018-11-22 00:16:36.829  INFO 321 --- [restartedMain] o.s.j.e.a.AnnotationMBeanExporter        : Located managed bean 'refreshEndpoint': registering with JMX server as MBean [org.springframework.cloud.endpoint:name=refreshEndpoint,type=RefreshEndpoint]
2018-11-22 00:16:36.988  INFO 321 --- [restartedMain] o.s.c.support.DefaultLifecycleProcessor  : Starting beans in phase 0
2018-11-22 00:16:36.994  INFO 321 --- [restartedMain] o.s.c.n.eureka.InstanceInfoFactory       : Setting initial instance status as: STARTING
2018-11-22 00:16:37.026  INFO 321 --- [restartedMain] com.netflix.discovery.DiscoveryClient    : Initializing Eureka in region us-east-1
2018-11-22 00:16:37.144  INFO 321 --- [restartedMain] c.n.d.provider.DiscoveryJerseyProvider   : Using JSON encoding codec LegacyJacksonJson
2018-11-22 00:16:37.144  INFO 321 --- [restartedMain] c.n.d.provider.DiscoveryJerseyProvider   : Using JSON decoding codec LegacyJacksonJson
2018-11-22 00:16:37.222  INFO 321 --- [restartedMain] c.n.d.provider.DiscoveryJerseyProvider   : Using XML encoding codec XStreamXml
2018-11-22 00:16:37.222  INFO 321 --- [restartedMain] c.n.d.provider.DiscoveryJerseyProvider   : Using XML decoding codec XStreamXml
2018-11-22 00:16:37.345  INFO 321 --- [restartedMain] c.n.d.s.r.aws.ConfigClusterResolver      : Resolving eureka endpoints via configuration
2018-11-22 00:16:37.360  INFO 321 --- [restartedMain] com.netflix.discovery.DiscoveryClient    : Disable delta property : false
2018-11-22 00:16:37.360  INFO 321 --- [restartedMain] com.netflix.discovery.DiscoveryClient    : Single vip registry refresh property : null
2018-11-22 00:16:37.360  INFO 321 --- [restartedMain] com.netflix.discovery.DiscoveryClient    : Force full registry fetch : false
2018-11-22 00:16:37.360  INFO 321 --- [restartedMain] com.netflix.discovery.DiscoveryClient    : Application is null : false
2018-11-22 00:16:37.360  INFO 321 --- [restartedMain] com.netflix.discovery.DiscoveryClient    : Registered Applications size is zero : true
2018-11-22 00:16:37.360  INFO 321 --- [restartedMain] com.netflix.discovery.DiscoveryClient    : Application version is -1: true
2018-11-22 00:16:37.360  INFO 321 --- [restartedMain] com.netflix.discovery.DiscoveryClient    : Getting all instance registry info from the eureka server
2018-11-22 00:16:37.443  INFO 321 --- [restartedMain] com.netflix.discovery.DiscoveryClient    : The response status is 200
2018-11-22 00:16:37.444  INFO 321 --- [restartedMain] com.netflix.discovery.DiscoveryClient    : Starting heartbeat executor: renew interval is: 30
2018-11-22 00:16:37.446  INFO 321 --- [restartedMain] c.n.discovery.InstanceInfoReplicator     : InstanceInfoReplicator onDemand update allowed rate per min is 4
2018-11-22 00:16:37.447  INFO 321 --- [restartedMain] com.netflix.discovery.DiscoveryClient    : Discovery Client initialized at timestamp 1542867397447 with initial instances count: 2
2018-11-22 00:16:37.467  INFO 321 --- [restartedMain] o.s.c.n.e.s.EurekaServiceRegistry        : Registering application citi with eureka with status UP
2018-11-22 00:16:37.467  INFO 321 --- [restartedMain] com.netflix.discovery.DiscoveryClient    : Saw local status change event StatusChangeEvent [timestamp=1542867397467, current=UP, previous=STARTING]
2018-11-22 00:16:37.471  INFO 321 --- [DiscoveryClient-InstanceInfoReplicator-0] com.netflix.discovery.DiscoveryClient    : DiscoveryClient_CITI/citi:680e493f7771e0db07dd176a4b306a0f: registering service...
2018-11-22 00:16:37.507  INFO 321 --- [DiscoveryClient-InstanceInfoReplicator-0] com.netflix.discovery.DiscoveryClient    : DiscoveryClient_CITI/citi:680e493f7771e0db07dd176a4b306a0f - registration status: 204
2018-11-22 00:16:37.573  INFO 321 --- [restartedMain] s.b.c.e.t.TomcatEmbeddedServletContainer : Tomcat started on port(s): 7777 (http)
2018-11-22 00:16:37.574  INFO 321 --- [restartedMain] .s.c.n.e.s.EurekaAutoServiceRegistration : Updating port to 7777
2018-11-22 00:16:37.578  INFO 321 --- [restartedMain] c.citibanamex.bne.ApiDomainApplication   : Started ApiDomainApplication in 5.251 seconds (JVM running for 5.526)
2018-11-22 00:17:22.832  INFO 321 --- [http-nio-7777-exec-1] o.a.c.c.C.[Tomcat].[localhost].[/]       : Initializing Spring FrameworkServlet 'dispatcherServlet'
2018-11-22 00:17:22.833  INFO 321 --- [http-nio-7777-exec-1] o.s.web.servlet.DispatcherServlet        : FrameworkServlet 'dispatcherServlet': initialization started
2018-11-22 00:17:22.847  INFO 321 --- [http-nio-7777-exec-1] o.s.web.servlet.DispatcherServlet        : FrameworkServlet 'dispatcherServlet': initialization completed in 14 ms
2018-11-22 00:17:22.869  INFO 321 --- [http-nio-7777-exec-1] com.citibanamex.bne.api.Controller       : /test/angel
2018-11-22 00:17:23.597  INFO 321 --- [http-nio-7777-exec-3] com.citibanamex.bne.api.Controller       : /test/angel
2018-11-22 00:17:28.398  INFO 321 --- [http-nio-7777-exec-4] com.citibanamex.bne.api.Controller       : /test/angel
2018-11-22 00:17:29.717  INFO 321 --- [http-nio-7777-exec-5] com.citibanamex.bne.api.Controller       : /test/angel
2018-11-22 00:17:32.822  INFO 321 --- [http-nio-7777-exec-6] com.citibanamex.bne.api.Controller       : /test/angel
2018-11-22 00:17:33.546  INFO 321 --- [http-nio-7777-exec-7] com.citibanamex.bne.api.Controller       : /test/angel
2018-11-22 00:17:34.245  INFO 321 --- [http-nio-7777-exec-8] com.citibanamex.bne.api.Controller       : /test/angel
2018-11-22 00:17:35.354  INFO 321 --- [http-nio-7777-exec-9] com.citibanamex.bne.api.Controller       : /test/angel
2018-11-22 00:17:38.097  INFO 321 --- [http-nio-7777-exec-10] com.citibanamex.bne.api.Controller       : /test/angel
2018-11-22 00:17:38.767  INFO 321 --- [http-nio-7777-exec-2] com.citibanamex.bne.api.Controller       : /test/angel
2018-11-22 00:17:39.593  INFO 321 --- [http-nio-7777-exec-1] com.citibanamex.bne.api.Controller       : /test/angel
2018-11-22 00:17:41.819  INFO 321 --- [http-nio-7777-exec-3] com.citibanamex.bne.api.Controller       : /test/angel
2018-11-22 00:17:43.212  INFO 321 --- [http-nio-7777-exec-4] com.citibanamex.bne.api.Controller       : /test/angel
2018-11-22 00:17:43.841  INFO 321 --- [http-nio-7777-exec-5] com.citibanamex.bne.api.Controller       : /test/angel
2018-11-22 00:17:44.340  INFO 321 --- [http-nio-7777-exec-6] com.citibanamex.bne.api.Controller       : /test/angel
2018-11-22 00:17:44.968  INFO 321 --- [http-nio-7777-exec-7] com.citibanamex.bne.api.Controller       : /test/angel
2018-11-22 00:17:45.694  INFO 321 --- [http-nio-7777-exec-8] com.citibanamex.bne.api.Controller       : /test/angel
2018-11-22 00:17:46.218  INFO 321 --- [http-nio-7777-exec-9] com.citibanamex.bne.api.Controller       : /test/angel
2018-11-22 00:17:46.711  INFO 321 --- [http-nio-7777-exec-10] com.citibanamex.bne.api.Controller       : /test/angel
2018-11-22 00:17:47.168  INFO 321 --- [http-nio-7777-exec-2] com.citibanamex.bne.api.Controller       : /test/angel
2018-11-22 00:17:47.472  INFO 321 --- [http-nio-7777-exec-1] com.citibanamex.bne.api.Controller       : /test/angel
2018-11-22 00:17:47.650  INFO 321 --- [http-nio-7777-exec-3] com.citibanamex.bne.api.Controller       : /test/angel
2018-11-22 00:17:47.939  INFO 321 --- [http-nio-7777-exec-4] com.citibanamex.bne.api.Controller       : /test/angel
2018-11-22 00:19:33.404  INFO 321 --- [http-nio-7777-exec-8] com.citibanamex.bne.api.Controller       : /test/angel
2018-11-22 00:19:34.810  INFO 321 --- [http-nio-7777-exec-9] com.citibanamex.bne.api.Controller       : /test/angel
2018-11-22 00:19:39.114  INFO 321 --- [http-nio-7777-exec-10] com.citibanamex.bne.api.Controller       : /test/angel
2018-11-22 00:19:41.225  INFO 321 --- [http-nio-7777-exec-2] com.citibanamex.bne.api.Controller       : /test/angel
2018-11-22 00:19:41.810  INFO 321 --- [http-nio-7777-exec-1] com.citibanamex.bne.api.Controller       : /test/angel
2018-11-22 00:20:21.465  INFO 321 --- [http-nio-7777-exec-3] com.citibanamex.bne.api.Controller       : /test/angel
2018-11-22 00:20:22.047  INFO 321 --- [http-nio-7777-exec-4] com.citibanamex.bne.api.Controller       : /test/angel
2018-11-22 00:20:22.538  INFO 321 --- [http-nio-7777-exec-5] com.citibanamex.bne.api.Controller       : /test/angel
2018-11-22 00:20:26.273  INFO 321 --- [http-nio-7777-exec-6] com.citibanamex.bne.api.Controller       : /test/angel
2018-11-22 00:20:26.748  INFO 321 --- [http-nio-7777-exec-7] com.citibanamex.bne.api.Controller       : /test/angel
2018-11-22 00:20:27.184  INFO 321 --- [http-nio-7777-exec-8] com.citibanamex.bne.api.Controller       : /test/angel
2018-11-22 00:21:24.053  INFO 321 --- [http-nio-7777-exec-2] com.citibanamex.bne.api.Controller       : /test/angel
2018-11-22 00:21:37.362  INFO 321 --- [AsyncResolver-bootstrap-executor-0] c.n.d.s.r.aws.ConfigClusterResolver      : Resolving eureka endpoints via configuration
2018-11-22 00:26:37.363  INFO 321 --- [AsyncResolver-bootstrap-executor-0] c.n.d.s.r.aws.ConfigClusterResolver      : Resolving eureka endpoints via configuration
2018-11-22 00:27:12.380  INFO 321 --- [http-nio-7777-exec-5] com.citibanamex.bne.api.Controller       : /test/angel
2018-11-22 00:27:12.925  INFO 321 --- [http-nio-7777-exec-6] com.citibanamex.bne.api.Controller       : /test/angel
2018-11-22 00:27:17.423  INFO 321 --- [http-nio-7777-exec-7] com.citibanamex.bne.api.Controller       : /test/angel
2018-11-22 00:27:17.996  INFO 321 --- [http-nio-7777-exec-8] com.citibanamex.bne.api.Controller       : /test/angel
2018-11-22 00:31:37.364  INFO 321 --- [AsyncResolver-bootstrap-executor-0] c.n.d.s.r.aws.ConfigClusterResolver      : Resolving eureka endpoints via configuration
2018-11-22 00:32:57.868  INFO 321 --- [http-nio-7777-exec-1] com.citibanamex.bne.api.Controller       : /test/angel
2018-11-22 00:32:58.403  INFO 321 --- [http-nio-7777-exec-3] com.citibanamex.bne.api.Controller       : /test/angel
2018-11-22 00:33:02.474  INFO 321 --- [http-nio-7777-exec-4] com.citibanamex.bne.api.Controller       : /test/angel
2018-11-22 00:33:02.962  INFO 321 --- [http-nio-7777-exec-5] com.citibanamex.bne.api.Controller       : /test/angel
2018-11-22 00:33:09.993  INFO 321 --- [http-nio-7777-exec-6] com.citibanamex.bne.api.Controller       : /test/angel
2018-11-22 00:33:10.211  INFO 321 --- [http-nio-7777-exec-7] com.citibanamex.bne.api.Controller       : /test/angel
2018-11-22 00:33:13.935  INFO 321 --- [http-nio-7777-exec-8] com.citibanamex.bne.api.Controller       : /test/angel
2018-11-22 00:33:14.438  INFO 321 --- [http-nio-7777-exec-9] com.citibanamex.bne.api.Controller       : /test/angel
2018-11-22 00:33:14.675  INFO 321 --- [http-nio-7777-exec-10] com.citibanamex.bne.api.Controller       : /test/angel
2018-11-22 05:27:37.692  INFO 321 --- [http-nio-7777-exec-4] com.citibanamex.bne.api.Controller       : /test/angel
2018-11-22 05:27:38.339  INFO 321 --- [http-nio-7777-exec-5] com.citibanamex.bne.api.Controller       : /test/angel
2018-11-22 05:27:38.781  INFO 321 --- [http-nio-7777-exec-6] com.citibanamex.bne.api.Controller       : /test/angel
2018-11-22 05:27:42.073  INFO 321 --- [http-nio-7777-exec-7] com.citibanamex.bne.api.Controller       : /test/angel
2018-11-22 05:27:42.570  INFO 321 --- [http-nio-7777-exec-8] com.citibanamex.bne.api.Controller       : /test/angel
2018-11-22 05:27:42.942  INFO 321 --- [http-nio-7777-exec-9] com.citibanamex.bne.api.Controller       : /test/angel
2018-11-22 05:28:08.233  INFO 321 --- [http-nio-7777-exec-10] com.citibanamex.bne.api.Controller       : /test/angel
2018-11-22 05:28:08.522  INFO 321 --- [http-nio-7777-exec-2] com.citibanamex.bne.api.Controller       : /test/angel
2018-11-22 05:28:10.832  INFO 321 --- [http-nio-7777-exec-1] com.citibanamex.bne.api.Controller       : /test/angel
2018-11-22 05:28:11.294  INFO 321 --- [http-nio-7777-exec-3] com.citibanamex.bne.api.Controller       : /test/angel
2018-11-22 05:30:43.657  INFO 321 --- [AsyncResolver-bootstrap-executor-0] c.n.d.s.r.aws.ConfigClusterResolver      : Resolving eureka endpoints via configuration
2018-11-22 05:35:43.658  INFO 321 --- [AsyncResolver-bootstrap-executor-0] c.n.d.s.r.aws.ConfigClusterResolver      : Resolving eureka endpoints via configuration
